<?xml version="1.0" encoding="UTF-8"?>
<testng-results ignored="0" total="1" passed="1" failed="0" skipped="0">
  <reporter-output>
  </reporter-output>
  <suite started-at="2026-05-14T20:23:32 IST" name="Default suite" finished-at="2026-05-14T20:23:50 IST" duration-ms="18527">
    <groups>
    </groups>
    <test started-at="2026-05-14T20:23:32 IST" name="Default test" finished-at="2026-05-14T20:23:50 IST" duration-ms="18527">
      <class name="tests.FlipKart">
        <test-method is-config="true" signature="setup()[pri:0, instance:tests.FlipKart@9225652]" started-at="2026-05-14T20:23:32 IST" name="setup" finished-at="2026-05-14T20:23:34 IST" duration-ms="2655" status="PASS">
          <reporter-output>
          </reporter-output>
        </test-method> <!-- setup -->
        <test-method signature="searchsort()[pri:0, instance:tests.FlipKart@9225652]" started-at="2026-05-14T20:23:34 IST" name="searchsort" finished-at="2026-05-14T20:23:49 IST" duration-ms="14623" status="PASS">
          <reporter-output>
          </reporter-output>
        </test-method> <!-- searchsort -->
        <test-method is-config="true" signature="teardown()[pri:0, instance:tests.FlipKart@9225652]" started-at="2026-05-14T20:23:49 IST" name="teardown" finished-at="2026-05-14T20:23:50 IST" duration-ms="1164" status="PASS">
          <reporter-output>
          </reporter-output>
        </test-method> <!-- teardown -->
      </class> <!-- tests.FlipKart -->
    </test> <!-- Default test -->
  </suite> <!-- Default suite -->
</testng-results>
