<?xml version="1.0" encoding="UTF-8"?>
<testng-results ignored="0" total="1" passed="1" failed="0" skipped="0">
  <reporter-output>
  </reporter-output>
  <suite started-at="2026-05-15T00:33:23 IST" name="Default suite" finished-at="2026-05-15T00:33:39 IST" duration-ms="15706">
    <groups>
    </groups>
    <test started-at="2026-05-15T00:33:23 IST" name="Default test" finished-at="2026-05-15T00:33:39 IST" duration-ms="15706">
      <class name="tests.FlipKart">
        <test-method is-config="true" signature="setup()[pri:0, instance:tests.FlipKart@5e82df6a]" started-at="2026-05-15T00:33:23 IST" name="setup" finished-at="2026-05-15T00:33:25 IST" duration-ms="2120" status="PASS">
          <reporter-output>
          </reporter-output>
        </test-method> <!-- setup -->
        <test-method signature="searchsort()[pri:0, instance:tests.FlipKart@5e82df6a]" started-at="2026-05-15T00:33:25 IST" name="searchsort" finished-at="2026-05-15T00:33:37 IST" duration-ms="11809" status="PASS">
          <reporter-output>
          </reporter-output>
        </test-method> <!-- searchsort -->
        <test-method is-config="true" signature="teardown()[pri:0, instance:tests.FlipKart@5e82df6a]" started-at="2026-05-15T00:33:37 IST" name="teardown" finished-at="2026-05-15T00:33:39 IST" duration-ms="1737" status="PASS">
          <reporter-output>
          </reporter-output>
        </test-method> <!-- teardown -->
      </class> <!-- tests.FlipKart -->
    </test> <!-- Default test -->
  </suite> <!-- Default suite -->
</testng-results>
